<?xml version="1.0" encoding="UTF-8"?>
<!-- Generated by org.testng.reporters.JUnitReportReporter -->
<testsuite hostname="DESKTOP-2G1HSG4" failures="0" tests="2" name="TestCases.TestNgDemo2" time="15.618" errors="0" timestamp="2024-06-25T21:00:13 CET" skipped="0">
  <testcase classname="TestCases.TestNgDemo2" name="invalid_user_credential" time="7.940"/>
  <system-out/>
  <testcase classname="TestCases.TestNgDemo2" name="valid_user_credential" time="7.678"/>
  <system-out/>
</testsuite> <!-- TestCases.TestNgDemo2 -->
